\BOOKMARK [1][-]{section.1}{\376\377\000A\000r\000q\000u\000i\000t\000e\000c\000t\000u\000r\000a\000\040\000d\000e\000l\000\040\000S\000i\000s\000t\000e\000m\000a}{}% 1
\BOOKMARK [2][-]{subsection.1.1}{\376\377\000P\000r\000i\000n\000c\000i\000p\000i\000o\000s\000\040\000F\000u\000n\000d\000a\000m\000e\000n\000t\000a\000l\000e\000s\000\040\000d\000e\000\040\000l\000a\000\040\000A\000r\000q\000u\000i\000t\000e\000c\000t\000u\000r\000a}{section.1}% 2
\BOOKMARK [3][-]{subsubsection.1.1.1}{\376\377\000R\000A\000F\000T\000\040\000p\000a\000r\000a\000\040\000D\000a\000t\000o\000s\000\040\000d\000e\000\040\000A\000g\000e\000n\000d\000a}{subsection.1.1}% 3
\BOOKMARK [3][-]{subsubsection.1.1.2}{\376\377\000P\000U\000B\000/\000S\000U\000B\000\040\000p\000a\000r\000a\000\040\000N\000o\000t\000i\000f\000i\000c\000a\000c\000i\000o\000n\000e\000s}{subsection.1.1}% 4
\BOOKMARK [3][-]{subsubsection.1.1.3}{\376\377\000T\000o\000l\000e\000r\000a\000n\000c\000i\000a\000\040\000a\000\040\000F\000a\000l\000l\000o\000s\000\040\000C\000o\000m\000p\000l\000e\000t\000a}{subsection.1.1}% 5
\BOOKMARK [1][-]{section.2}{\376\377\000O\000r\000g\000a\000n\000i\000z\000a\000c\000i\000\363\000n\000\040\000d\000e\000l\000\040\000S\000i\000s\000t\000e\000m\000a\000\040\000D\000i\000s\000t\000r\000i\000b\000u\000i\000d\000o}{}% 6
\BOOKMARK [2][-]{subsection.2.1}{\376\377\000D\000e\000t\000a\000l\000l\000e\000\040\000d\000e\000\040\000l\000o\000s\000\040\000S\000h\000a\000r\000d\000s\000\040\000E\000s\000p\000e\000c\000i\000a\000l\000i\000z\000a\000d\000o\000s}{section.2}% 7
\BOOKMARK [2][-]{subsection.2.2}{\376\377\000C\000o\000m\000b\000i\000n\000a\000c\000i\000\363\000n\000\040\000d\000e\000\040\000P\000a\000t\000r\000o\000n\000e\000s\000\040\000y\000\040\000T\000e\000c\000n\000o\000l\000o\000g\000\355\000a\000s}{section.2}% 8
\BOOKMARK [3][-]{subsubsection.2.2.1}{\376\377\000P\000a\000t\000r\000o\000n\000e\000s\000\040\000I\000m\000p\000l\000e\000m\000e\000n\000t\000a\000d\000o\000s}{subsection.2.2}% 9
\BOOKMARK [3][-]{subsubsection.2.2.2}{\376\377\000E\000s\000q\000u\000e\000m\000a\000\040\000d\000e\000\040\000T\000e\000c\000n\000o\000l\000o\000g\000\355\000a}{subsection.2.2}% 10
\BOOKMARK [1][-]{section.3}{\376\377\000F\000l\000u\000j\000o\000\040\000C\000o\000m\000p\000l\000e\000t\000o\000\040\000d\000e\000\040\000u\000n\000a\000\040\000O\000p\000e\000r\000a\000c\000i\000\363\000n}{}% 11
\BOOKMARK [2][-]{subsection.3.1}{\376\377\000E\000j\000e\000m\000p\000l\000o\000:\000\040\000A\000l\000i\000c\000e\000\040\000c\000r\000e\000a\000\040\000u\000n\000\040\000e\000v\000e\000n\000t\000o}{section.3}% 12
\BOOKMARK [2][-]{subsection.3.2}{\376\377\000P\000r\000o\000c\000e\000s\000o\000\040\000D\000e\000t\000a\000l\000l\000a\000d\000o\000\040\000e\000n\000\040\000e\000l\000\040\000N\000o\000d\000o\000\040\000L\000\355\000d\000e\000r}{section.3}% 13
\BOOKMARK [1][-]{section.4}{\376\377\000T\000o\000l\000e\000r\000a\000n\000c\000i\000a\000\040\000a\000\040\000F\000a\000l\000l\000o\000s\000\040\000y\000\040\000R\000e\000c\000u\000p\000e\000r\000a\000c\000i\000\363\000n}{}% 14
\BOOKMARK [2][-]{subsection.4.1}{\376\377\000M\000e\000c\000a\000n\000i\000s\000m\000o\000\040\000d\000e\000\040\000F\000a\000i\000l\000o\000v\000e\000r\000\040\000A\000u\000t\000o\000m\000\341\000t\000i\000c\000o}{section.4}% 15
\BOOKMARK [3][-]{subsubsection.4.1.1}{\376\377\000E\000s\000c\000e\000n\000a\000r\000i\000o\000:\000\040\000F\000a\000l\000l\000o\000\040\000d\000e\000l\000\040\000L\000\355\000d\000e\000r\000\040\000d\000e\000l\000\040\000S\000h\000a\000r\000d\000\040\000E\000v\000e\000n\000t\000o\000s\000\040\000A\000-\000M}{subsection.4.1}% 16
\BOOKMARK [3][-]{subsubsection.4.1.2}{\376\377\000E\000s\000c\000e\000n\000a\000r\000i\000o\000:\000\040\000F\000a\000l\000l\000o\000\040\000d\000e\000l\000\040\000L\000\355\000d\000e\000r\000\040\000d\000e\000l\000\040\000S\000h\000a\000r\000d\000\040\000E\000v\000e\000n\000t\000o\000s\000\040\000A\000-\000M}{subsection.4.1}% 17
\BOOKMARK [3][-]{subsubsection.4.1.3}{\376\377\000P\000r\000o\000c\000e\000s\000o\000\040\000d\000e\000\040\000R\000e\000c\000u\000p\000e\000r\000a\000c\000i\000\363\000n\000\040\000D\000e\000t\000a\000l\000l\000a\000d\000o}{subsection.4.1}% 18
\BOOKMARK [1][-]{section.5}{\376\377\000D\000i\000s\000t\000r\000i\000b\000u\000c\000i\000\363\000n\000\040\000d\000e\000\040\000D\000a\000t\000o\000s\000\040\000y\000\040\000P\000a\000r\000t\000i\000c\000i\000o\000n\000a\000m\000i\000e\000n\000t\000o}{}% 19
\BOOKMARK [2][-]{subsection.5.1}{\376\377\000C\000\363\000m\000o\000\040\000s\000e\000\040\000D\000i\000v\000i\000d\000e\000n\000\040\000l\000o\000s\000\040\000D\000a\000t\000o\000s}{section.5}% 20
\BOOKMARK [2][-]{subsection.5.2}{\376\377\000C\000o\000n\000f\000i\000g\000u\000r\000a\000c\000i\000\363\000n\000\040\000d\000e\000\040\000N\000o\000d\000o\000s\000\040\000y\000\040\000T\000o\000p\000o\000l\000o\000g\000\355\000a\000\040\000F\000\355\000s\000i\000c\000a}{section.5}% 21
\BOOKMARK [3][-]{subsubsection.5.2.1}{\376\377\000T\000o\000p\000o\000l\000o\000g\000\355\000a\000\040\000c\000o\000n\000\040\0004\000\040\000S\000e\000r\000v\000i\000d\000o\000r\000e\000s\000\040\000F\000\355\000s\000i\000c\000o\000s}{subsection.5.2}% 22
\BOOKMARK [1][-]{section.6}{\376\377\000R\000o\000l\000e\000s\000\040\000d\000e\000l\000\040\000S\000i\000s\000t\000e\000m\000a}{}% 23
\BOOKMARK [1][-]{section.7}{\376\377\000D\000i\000s\000t\000r\000i\000b\000u\000c\000i\000\363\000n\000\040\000d\000e\000\040\000S\000e\000r\000v\000i\000c\000i\000o\000s\000\040\000e\000n\000\040\000D\000o\000c\000k\000e\000r}{}% 24
\BOOKMARK [2][-]{subsection.7.1}{\376\377\000R\000e\000d\000e\000s\000\040\000D\000o\000c\000k\000e\000r}{section.7}% 25
\BOOKMARK [1][-]{section.8}{\376\377\000P\000r\000o\000c\000e\000s\000o\000s\000\040\000d\000e\000l\000\040\000S\000i\000s\000t\000e\000m\000a}{}% 26
\BOOKMARK [1][-]{section.9}{\376\377\000C\000o\000m\000u\000n\000i\000c\000a\000c\000i\000\363\000n\000\040\000e\000n\000\040\000e\000l\000\040\000S\000i\000s\000t\000e\000m\000a}{}% 27
\BOOKMARK [2][-]{subsection.9.1}{\376\377\000F\000l\000u\000j\000o\000\040\000d\000e\000\040\000C\000o\000m\000u\000n\000i\000c\000a\000c\000i\000\363\000n}{section.9}% 28
\BOOKMARK [1][-]{section.10}{\376\377\000C\000o\000o\000r\000d\000i\000n\000a\000c\000i\000\363\000n\000\040\000d\000e\000l\000\040\000S\000i\000s\000t\000e\000m\000a}{}% 29
\BOOKMARK [1][-]{section.11}{\376\377\000S\000e\000g\000u\000r\000i\000d\000a\000d}{}% 30
\BOOKMARK [2][-]{subsection.11.1}{\376\377\000M\000e\000d\000i\000d\000a\000s\000\040\000d\000e\000\040\000S\000e\000g\000u\000r\000i\000d\000a\000d\000\040\000I\000m\000p\000l\000e\000m\000e\000n\000t\000a\000d\000a\000s}{section.11}% 31
